<?xml version="1.0" encoding="UTF-8"?>
<!-- Generated by org.testng.reporters.JUnitReportReporter -->
<testsuite hostname="LTIN487061" failures="0" tests="1" name="TestCase.TC_02_WelcomeTextValidation" time="20.239" errors="0" timestamp="2024-04-02T12:13:37 IST" skipped="0">
  <testcase classname="TestCase.TC_02_WelcomeTextValidation" name="windowSwitch" time="20.239"/>
</testsuite> <!-- TestCase.TC_02_WelcomeTextValidation -->
